  actuator.cpp
  aerodynamics.cpp
  class_functions.cpp
  control.cpp
  environment.cpp
  euler.cpp
  execution.cpp
  flat3_modules.cpp
  forces.cpp
  global_functions.cpp
  guidance.cpp
  intercept.cpp
  kinematics.cpp
  missile_functions.cpp
  newton.cpp
  propulsion.cpp
  seeker.cpp
  target_functions.cpp
  target_modules.cpp
  tvc.cpp
  Generating Code...
  Compiling...
  utility_functions.cpp
  Generating Code...
  SRAAM6.vcxproj -> D:\Career\B.Sc\7th_Term\Design_Dr.Malaek\Sources\Flight_Dynamic and Automation control\CADAC_AIAA_VS2022\CADAC Simulations_231204\SRAAM6_2301103\x64\Debug\SRAAM6.exe
